build/outputs/logs/manifest-merger-debug-report.txt
-- Merging decision tree log ---
manifest
ADDED from TeachPad/TeachControlPad/AndroidManifest.xml:2:1-61:12
	xmlns:android
		ADDED from TeachPad/TeachControlPad/AndroidManifest.xml:2:11-69
	package
		ADDED from TeachPad/TeachControlPad/AndroidManifest.xml:3:5-46
	android:versionName
		ADDED from TeachPad/TeachControlPad/AndroidManifest.xml:5:5-30
	android:versionCode
		ADDED from TeachPad/TeachControlPad/AndroidManifest.xml:4:5-28
		INJECTED from TeachPad/TeachControlPad/AndroidManifest.xml
		INJECTED from TeachPad/TeachControlPad/AndroidManifest.xml
uses-sdk
ADDED from TeachPad/TeachControlPad/AndroidManifest.xml:7:5-9:41
	android:targetSdkVersion
		ADDED from TeachPad/TeachControlPad/AndroidManifest.xml:9:9-38
	android:minSdkVersion
		ADDED from TeachPad/TeachControlPad/AndroidManifest.xml:8:9-35
uses-permission#android.permission.ACCESS_WIFI_STATE
ADDED from TeachPad/TeachControlPad/AndroidManifest.xml:11:5-76
	android:name
		ADDED from TeachPad/TeachControlPad/AndroidManifest.xml:11:22-73
uses-permission#android.permission.INTERNET
ADDED from TeachPad/TeachControlPad/AndroidManifest.xml:12:5-67
	android:name
		ADDED from TeachPad/TeachControlPad/AndroidManifest.xml:12:22-64
uses-permission#android.permission.CHANGE_WIFI_MULTICAST_STATE
ADDED from TeachPad/TeachControlPad/AndroidManifest.xml:13:5-86
	android:name
		ADDED from TeachPad/TeachControlPad/AndroidManifest.xml:13:22-83
uses-permission#android.permission.WRITE_EXTERNAL_STORAGE
ADDED from TeachPad/TeachControlPad/AndroidManifest.xml:14:5-81
	android:name
		ADDED from TeachPad/TeachControlPad/AndroidManifest.xml:14:22-78
uses-permission#com.jamdeo.providers.usagestats.INSERT_USAGE_STATS
ADDED from TeachPad/TeachControlPad/AndroidManifest.xml:15:5-90
	android:name
		ADDED from TeachPad/TeachControlPad/AndroidManifest.xml:15:22-87
uses-permission#android.permission.ACCESS_NETWORK_STATE
ADDED from TeachPad/TeachControlPad/AndroidManifest.xml:16:5-79
	android:name
		ADDED from TeachPad/TeachControlPad/AndroidManifest.xml:16:22-76
uses-permission#android.permission.RECORD_AUDIO
ADDED from TeachPad/TeachControlPad/AndroidManifest.xml:17:5-71
	android:name
		ADDED from TeachPad/TeachControlPad/AndroidManifest.xml:17:22-68
uses-permission#android.permission.MODIFY_AUDIO_SETTINGS
ADDED from TeachPad/TeachControlPad/AndroidManifest.xml:19:5-80
	android:name
		ADDED from TeachPad/TeachControlPad/AndroidManifest.xml:19:22-77
uses-permission#android.permission.FORCE_STOP_PACKAGES
ADDED from TeachPad/TeachControlPad/AndroidManifest.xml:20:5-78
	android:name
		ADDED from TeachPad/TeachControlPad/AndroidManifest.xml:20:22-75
uses-permission#android.permission.WRITE_SETTINGS
ADDED from TeachPad/TeachControlPad/AndroidManifest.xml:21:5-73
	android:name
		ADDED from TeachPad/TeachControlPad/AndroidManifest.xml:21:22-70
uses-permission#android.permission.WRITE_SECURE_SETTINGS
ADDED from TeachPad/TeachControlPad/AndroidManifest.xml:22:5-80
	android:name
		ADDED from TeachPad/TeachControlPad/AndroidManifest.xml:22:22-77
uses-permission#android.permission.SET_TIME_ZONE
ADDED from TeachPad/TeachControlPad/AndroidManifest.xml:23:5-72
	android:name
		ADDED from TeachPad/TeachControlPad/AndroidManifest.xml:23:22-69
uses-permission#android.permission.SET_ANIMATION_SCALE
ADDED from TeachPad/TeachControlPad/AndroidManifest.xml:24:5-78
	android:name
		ADDED from TeachPad/TeachControlPad/AndroidManifest.xml:24:22-75
uses-permission#android.permission.REBOOT
ADDED from TeachPad/TeachControlPad/AndroidManifest.xml:25:5-65
	android:name
		ADDED from TeachPad/TeachControlPad/AndroidManifest.xml:25:22-62
uses-permission#android.permission.MOUNT_UNMOUNT_FILESYSTEMS
ADDED from TeachPad/TeachControlPad/AndroidManifest.xml:26:5-84
	android:name
		ADDED from TeachPad/TeachControlPad/AndroidManifest.xml:26:22-81
uses-permission#android.permission.ACCESS_CACHE_FILESYSTEM
ADDED from TeachPad/TeachControlPad/AndroidManifest.xml:27:5-82
	android:name
		ADDED from TeachPad/TeachControlPad/AndroidManifest.xml:27:22-79
uses-permission#android.permission.RECEIVE_BOOT_COMPLETED
ADDED from TeachPad/TeachControlPad/AndroidManifest.xml:30:5-81
	android:name
		ADDED from TeachPad/TeachControlPad/AndroidManifest.xml:30:22-78
uses-permission#android.permission.BROADCAST_STICKY
ADDED from TeachPad/TeachControlPad/AndroidManifest.xml:31:5-75
	android:name
		ADDED from TeachPad/TeachControlPad/AndroidManifest.xml:31:22-72
uses-permission#android.permission.WAKE_LOCK
ADDED from TeachPad/TeachControlPad/AndroidManifest.xml:32:5-68
	android:name
		ADDED from TeachPad/TeachControlPad/AndroidManifest.xml:32:22-65
uses-permission#android.permission.DEVICE_POWER
ADDED from TeachPad/TeachControlPad/AndroidManifest.xml:33:5-71
	android:name
		ADDED from TeachPad/TeachControlPad/AndroidManifest.xml:33:22-68
uses-permission#android.permission.SYSTEM_ALERT_WINDOW
ADDED from TeachPad/TeachControlPad/AndroidManifest.xml:34:5-78
	android:name
		ADDED from TeachPad/TeachControlPad/AndroidManifest.xml:34:22-75
application
ADDED from TeachPad/TeachControlPad/AndroidManifest.xml:36:5-59:19
	android:label
		ADDED from TeachPad/TeachControlPad/AndroidManifest.xml:39:9-41
	android:allowBackup
		ADDED from TeachPad/TeachControlPad/AndroidManifest.xml:37:9-35
	android:icon
		ADDED from TeachPad/TeachControlPad/AndroidManifest.xml:38:9-45
	android:theme
		ADDED from TeachPad/TeachControlPad/AndroidManifest.xml:42:9-73
	android:persistent
		ADDED from TeachPad/TeachControlPad/AndroidManifest.xml:40:9-34
	android:name
		ADDED from TeachPad/TeachControlPad/AndroidManifest.xml:41:9-52
activity#com.multimedia.centercontroller.ControllerActivity
ADDED from TeachPad/TeachControlPad/AndroidManifest.xml:43:9-58:20
	android:windowSoftInputMode
		ADDED from TeachPad/TeachControlPad/AndroidManifest.xml:52:13-69
	android:screenOrientation
		ADDED from TeachPad/TeachControlPad/AndroidManifest.xml:51:13-50
	android:label
		ADDED from TeachPad/TeachControlPad/AndroidManifest.xml:45:13-45
	android:configChanges
		ADDED from TeachPad/TeachControlPad/AndroidManifest.xml:47:13-43
	android:stateNotNeeded
		ADDED from TeachPad/TeachControlPad/AndroidManifest.xml:50:13-42
	android:clearTaskOnLaunch
		ADDED from TeachPad/TeachControlPad/AndroidManifest.xml:46:13-45
	android:persistent
		ADDED from TeachPad/TeachControlPad/AndroidManifest.xml:49:13-38
	android:name
		ADDED from TeachPad/TeachControlPad/AndroidManifest.xml:44:13-78
	android:launchMode
		ADDED from TeachPad/TeachControlPad/AndroidManifest.xml:48:13-43
intent-filter#android.intent.action.MAIN+android.intent.category.LAUNCHER
ADDED from TeachPad/TeachControlPad/AndroidManifest.xml:53:13-57:29
action#android.intent.action.MAIN
ADDED from TeachPad/TeachControlPad/AndroidManifest.xml:54:17-69
	android:name
		ADDED from TeachPad/TeachControlPad/AndroidManifest.xml:54:25-66
category#android.intent.category.LAUNCHER
ADDED from TeachPad/TeachControlPad/AndroidManifest.xml:56:17-77
	android:name
		ADDED from TeachPad/TeachControlPad/AndroidManifest.xml:56:27-74